<?xml version="1.0" encoding="UTF-8"?>
<!-- Generated by org.testng.reporters.JUnitReportReporter -->
<testsuite hostname="HP" failures="0" tests="1" name="TestNg.TestNgTc3" time="0.003" errors="0" timestamp="2024-02-20T11:09:08 IST" skipped="0">
  <testcase classname="TestNg.TestNgTc3" name="Test_5" time="0.003"/>
  <system-out/>
</testsuite> <!-- TestNg.TestNgTc3 -->
