<?xml version="1.0" encoding="UTF-8"?>
<!-- Generated by org.testng.reporters.JUnitReportReporter -->
<testsuite hostname="HP" failures="0" tests="3" name="TestNg.TestNgTc1" time="0.032" errors="0" timestamp="2024-02-20T11:09:08 IST" skipped="0">
  <testcase classname="TestNg.TestNgTc1" name="Test_3" time="0.025"/>
  <system-out/>
  <testcase classname="TestNg.TestNgTc1" name="Test_2" time="0.004"/>
  <system-out/>
  <testcase classname="TestNg.TestNgTc1" name="Test_1" time="0.003"/>
  <system-out/>
</testsuite> <!-- TestNg.TestNgTc1 -->
