<?xml version="1.0" encoding="UTF-8"?>
<!-- Generated by org.testng.reporters.JUnitReportReporter -->
<testsuite hostname="HP" failures="0" tests="1" name="TestNg.DataProviders" time="0.055" errors="0" timestamp="2024-02-22T20:28:15 IST" skipped="0">
  <testcase classname="TestNg.DataProviders" name="Lakshmi" time="0.055"/>
  <system-out/>
</testsuite> <!-- TestNg.DataProviders -->
