<?xml version="1.0" encoding="UTF-8"?>
<!-- Generated by org.testng.reporters.JUnitReportReporter -->
<testsuite hostname="HP" failures="0" tests="1" name="TestNg.TestNgTc2" time="0.008" errors="0" timestamp="2024-02-20T11:09:08 IST" skipped="0">
  <testcase classname="TestNg.TestNgTc2" name="Test_4" time="0.008"/>
  <system-out/>
</testsuite> <!-- TestNg.TestNgTc2 -->
