<?xml version="1.0" encoding="UTF-8"?>
<!-- Generated by org.testng.reporters.JUnitReportReporter -->
<testsuite hostname="HP" failures="0" tests="1" name="TestNg.TestNgTc1$TestNgTc2" time="0.019" errors="0" timestamp="2024-02-19T19:36:04 IST" skipped="0">
  <testcase classname="TestNg.TestNgTc1$TestNgTc2" name="Test_4" time="0.019"/>
  <system-out/>
</testsuite> <!-- TestNg.TestNgTc1$TestNgTc2 -->
